

Started GET "/assets/rails.png" for 127.0.0.1 at 2013-03-10 00:20:19 -0800
Connecting to database specified by database.yml
Served asset /rails.png - 200 OK (22ms)
Connecting to database specified by database.yml
Connecting to database specified by database.yml
  [1m[36m (0.1ms)[0m  [1mselect sqlite_version(*)[0m
  [1m[35m (1.9ms)[0m  CREATE TABLE "schema_migrations" ("version" varchar(255) NOT NULL) 
  [1m[36m (1.4ms)[0m  [1mCREATE UNIQUE INDEX "unique_schema_migrations" ON "schema_migrations" ("version")[0m
  [1m[35m (1.0ms)[0m  SELECT "schema_migrations"."version" FROM "schema_migrations" 
Migrating to CreateStatuses (20130310082105)
  [1m[36m (0.0ms)[0m  [1mbegin transaction[0m
  [1m[35m (0.3ms)[0m  CREATE TABLE "statuses" ("id" INTEGER PRIMARY KEY AUTOINCREMENT NOT NULL, "name" varchar(255), "content" text, "created_at" datetime NOT NULL, "updated_at" datetime NOT NULL) 
  [1m[36m (0.1ms)[0m  [1mINSERT INTO "schema_migrations" ("version") VALUES ('20130310082105')[0m
  [1m[35m (1.7ms)[0m  commit transaction
  [1m[36m (0.1ms)[0m  [1mSELECT "schema_migrations"."version" FROM "schema_migrations" [0m


Started GET "/assets/rails.png" for 127.0.0.1 at 2013-03-10 00:22:36 -0800
Connecting to database specified by database.yml
Served asset /rails.png - 304 Not Modified (1ms)


Started GET "/statuses" for 127.0.0.1 at 2013-03-10 00:22:47 -0800
Processing by StatusesController#index as HTML
  [1m[36mStatus Load (0.1ms)[0m  [1mSELECT "statuses".* FROM "statuses" [0m
  Rendered statuses/index.html.erb within layouts/application (2.8ms)
Compiled scaffolds.css  (23ms)  (pid 18948)
Compiled statuses.css  (1ms)  (pid 18948)
Compiled application.css  (61ms)  (pid 18948)
Compiled jquery.js  (2ms)  (pid 18948)
Compiled jquery_ujs.js  (0ms)  (pid 18948)
Compiled statuses.js  (108ms)  (pid 18948)
Compiled application.js  (184ms)  (pid 18948)
Completed 200 OK in 468ms (Views: 330.3ms | ActiveRecord: 1.6ms)


Started GET "/assets/scaffolds.css?body=1" for 127.0.0.1 at 2013-03-10 00:22:48 -0800
Served asset /scaffolds.css - 200 OK (4ms)


Started GET "/assets/application.css?body=1" for 127.0.0.1 at 2013-03-10 00:22:48 -0800
Served asset /application.css - 200 OK (6ms)


Started GET "/assets/jquery.js?body=1" for 127.0.0.1 at 2013-03-10 00:22:48 -0800
Served asset /jquery.js - 200 OK (23ms)


Started GET "/assets/statuses.css?body=1" for 127.0.0.1 at 2013-03-10 00:22:48 -0800
Served asset /statuses.css - 200 OK (1ms)


Started GET "/assets/jquery_ujs.js?body=1" for 127.0.0.1 at 2013-03-10 00:22:48 -0800
Served asset /jquery_ujs.js - 200 OK (2ms)


Started GET "/assets/statuses.js?body=1" for 127.0.0.1 at 2013-03-10 00:22:48 -0800
Served asset /statuses.js - 200 OK (1ms)


Started GET "/assets/application.js?body=1" for 127.0.0.1 at 2013-03-10 00:22:48 -0800
Served asset /application.js - 200 OK (3ms)


Started GET "/statuses/new" for 127.0.0.1 at 2013-03-10 00:22:53 -0800
Processing by StatusesController#new as HTML
  Rendered statuses/_form.html.erb (48.3ms)
  Rendered statuses/new.html.erb within layouts/application (64.7ms)
Completed 200 OK in 74ms (Views: 68.6ms | ActiveRecord: 0.0ms)


Started POST "/statuses" for 127.0.0.1 at 2013-03-10 00:22:59 -0800
Processing by StatusesController#create as HTML
  Parameters: {"utf8"=>"✓", "authenticity_token"=>"uAAvGTZcmNjFyh9o6pur5PHvFKwCHTTpcgQ4XbJYjSg=", "status"=>{"name"=>"Kevin", "content"=>"Hi"}, "commit"=>"Create Status"}
  [1m[35m (0.1ms)[0m  begin transaction
  [1m[36mSQL (9.4ms)[0m  [1mINSERT INTO "statuses" ("content", "created_at", "name", "updated_at") VALUES (?, ?, ?, ?)[0m  [["content", "Hi"], ["created_at", Sun, 10 Mar 2013 08:22:59 UTC +00:00], ["name", "Kevin"], ["updated_at", Sun, 10 Mar 2013 08:22:59 UTC +00:00]]
  [1m[35m (1.7ms)[0m  commit transaction
Redirected to http://0.0.0.0:3000/statuses/1
Completed 302 Found in 15ms (ActiveRecord: 11.2ms)


Started GET "/statuses/1" for 127.0.0.1 at 2013-03-10 00:22:59 -0800
Processing by StatusesController#show as HTML
  Parameters: {"id"=>"1"}
  [1m[36mStatus Load (0.2ms)[0m  [1mSELECT "statuses".* FROM "statuses" WHERE "statuses"."id" = ? LIMIT 1[0m  [["id", "1"]]
  Rendered statuses/show.html.erb within layouts/application (1.0ms)
Completed 200 OK in 7ms (Views: 5.3ms | ActiveRecord: 0.2ms)


Started GET "/assets/scaffolds.css?body=1" for 127.0.0.1 at 2013-03-10 00:22:59 -0800
Served asset /scaffolds.css - 304 Not Modified (0ms)


Started GET "/assets/statuses.css?body=1" for 127.0.0.1 at 2013-03-10 00:22:59 -0800
Served asset /statuses.css - 304 Not Modified (0ms)


Started GET "/assets/statuses.js?body=1" for 127.0.0.1 at 2013-03-10 00:22:59 -0800
Served asset /statuses.js - 304 Not Modified (0ms)


Started GET "/statuses" for 127.0.0.1 at 2013-03-10 00:23:07 -0800
Processing by StatusesController#index as HTML
  [1m[35mStatus Load (0.1ms)[0m  SELECT "statuses".* FROM "statuses" 
  Rendered statuses/index.html.erb within layouts/application (1.0ms)
Completed 200 OK in 6ms (Views: 4.7ms | ActiveRecord: 0.1ms)


Started GET "/assets/application.css?body=1" for 127.0.0.1 at 2013-03-10 00:23:07 -0800
Served asset /application.css - 304 Not Modified (0ms)


Started GET "/assets/scaffolds.css?body=1" for 127.0.0.1 at 2013-03-10 00:23:07 -0800
Served asset /scaffolds.css - 304 Not Modified (0ms)


Started GET "/assets/statuses.css?body=1" for 127.0.0.1 at 2013-03-10 00:23:07 -0800
Served asset /statuses.css - 304 Not Modified (0ms)


Started GET "/assets/application.js?body=1" for 127.0.0.1 at 2013-03-10 00:23:07 -0800
Served asset /application.js - 304 Not Modified (0ms)


Started GET "/assets/statuses.js?body=1" for 127.0.0.1 at 2013-03-10 00:23:07 -0800
Served asset /statuses.js - 304 Not Modified (0ms)


Started GET "/statuses/1/edit" for 127.0.0.1 at 2013-03-10 00:23:17 -0800
Processing by StatusesController#edit as HTML
  Parameters: {"id"=>"1"}
  [1m[36mStatus Load (0.1ms)[0m  [1mSELECT "statuses".* FROM "statuses" WHERE "statuses"."id" = ? LIMIT 1[0m  [["id", "1"]]
  Rendered statuses/_form.html.erb (2.2ms)
  Rendered statuses/edit.html.erb within layouts/application (3.5ms)
Completed 200 OK in 9ms (Views: 7.4ms | ActiveRecord: 0.1ms)


Started GET "/assets/application.css?body=1" for 127.0.0.1 at 2013-03-10 00:23:17 -0800
Served asset /application.css - 304 Not Modified (0ms)


Started GET "/assets/scaffolds.css?body=1" for 127.0.0.1 at 2013-03-10 00:23:17 -0800
Served asset /scaffolds.css - 304 Not Modified (0ms)


Started GET "/assets/application.js?body=1" for 127.0.0.1 at 2013-03-10 00:23:17 -0800
Served asset /application.js - 304 Not Modified (0ms)


Started GET "/assets/statuses.css?body=1" for 127.0.0.1 at 2013-03-10 00:23:17 -0800
Served asset /statuses.css - 304 Not Modified (0ms)


Started GET "/assets/jquery_ujs.js?body=1" for 127.0.0.1 at 2013-03-10 00:23:17 -0800
Served asset /jquery_ujs.js - 304 Not Modified (0ms)


Started GET "/assets/statuses.js?body=1" for 127.0.0.1 at 2013-03-10 00:23:17 -0800
Served asset /statuses.js - 304 Not Modified (0ms)


Started GET "/assets/jquery.js?body=1" for 127.0.0.1 at 2013-03-10 00:23:17 -0800
Served asset /jquery.js - 304 Not Modified (0ms)


Started PUT "/statuses/1" for 127.0.0.1 at 2013-03-10 00:23:24 -0800
Processing by StatusesController#update as HTML
  Parameters: {"utf8"=>"✓", "authenticity_token"=>"uAAvGTZcmNjFyh9o6pur5PHvFKwCHTTpcgQ4XbJYjSg=", "status"=>{"name"=>"Kevin", "content"=>"I'm on PracticeBook!"}, "commit"=>"Update Status", "id"=>"1"}
  [1m[35mStatus Load (0.1ms)[0m  SELECT "statuses".* FROM "statuses" WHERE "statuses"."id" = ? LIMIT 1  [["id", "1"]]
  [1m[36m (0.0ms)[0m  [1mbegin transaction[0m
  [1m[35m (0.3ms)[0m  UPDATE "statuses" SET "content" = 'I''m on PracticeBook!', "updated_at" = '2013-03-10 08:23:24.018059' WHERE "statuses"."id" = 1
  [1m[36m (1.5ms)[0m  [1mcommit transaction[0m
Redirected to http://0.0.0.0:3000/statuses/1
Completed 302 Found in 5ms (ActiveRecord: 1.9ms)


Started GET "/statuses/1" for 127.0.0.1 at 2013-03-10 00:23:24 -0800
Processing by StatusesController#show as HTML
  Parameters: {"id"=>"1"}
  [1m[35mStatus Load (0.1ms)[0m  SELECT "statuses".* FROM "statuses" WHERE "statuses"."id" = ? LIMIT 1  [["id", "1"]]
  Rendered statuses/show.html.erb within layouts/application (0.5ms)
Completed 200 OK in 5ms (Views: 4.5ms | ActiveRecord: 0.1ms)


Started GET "/assets/application.css?body=1" for 127.0.0.1 at 2013-03-10 00:23:24 -0800
Served asset /application.css - 304 Not Modified (0ms)


Started GET "/assets/statuses.css?body=1" for 127.0.0.1 at 2013-03-10 00:23:24 -0800
Served asset /statuses.css - 304 Not Modified (0ms)


Started GET "/assets/scaffolds.css?body=1" for 127.0.0.1 at 2013-03-10 00:23:24 -0800
Served asset /scaffolds.css - 304 Not Modified (0ms)


Started GET "/assets/jquery_ujs.js?body=1" for 127.0.0.1 at 2013-03-10 00:23:24 -0800
Served asset /jquery_ujs.js - 304 Not Modified (0ms)


Started GET "/assets/jquery.js?body=1" for 127.0.0.1 at 2013-03-10 00:23:24 -0800
Served asset /jquery.js - 304 Not Modified (0ms)


Started GET "/assets/statuses.js?body=1" for 127.0.0.1 at 2013-03-10 00:23:24 -0800
Served asset /statuses.js - 304 Not Modified (0ms)


Started GET "/assets/application.js?body=1" for 127.0.0.1 at 2013-03-10 00:23:24 -0800
Served asset /application.js - 304 Not Modified (0ms)


Started GET "/statuses" for 127.0.0.1 at 2013-03-10 00:23:25 -0800
Processing by StatusesController#index as HTML
  [1m[36mStatus Load (0.1ms)[0m  [1mSELECT "statuses".* FROM "statuses" [0m
  Rendered statuses/index.html.erb within layouts/application (0.9ms)
Completed 200 OK in 5ms (Views: 4.4ms | ActiveRecord: 0.1ms)


Started GET "/assets/application.css?body=1" for 127.0.0.1 at 2013-03-10 00:23:25 -0800
Served asset /application.css - 304 Not Modified (0ms)


Started GET "/assets/scaffolds.css?body=1" for 127.0.0.1 at 2013-03-10 00:23:25 -0800
Served asset /scaffolds.css - 304 Not Modified (0ms)


Started GET "/assets/jquery.js?body=1" for 127.0.0.1 at 2013-03-10 00:23:25 -0800
Served asset /jquery.js - 304 Not Modified (0ms)


Started GET "/assets/statuses.css?body=1" for 127.0.0.1 at 2013-03-10 00:23:25 -0800
Served asset /statuses.css - 304 Not Modified (0ms)


Started GET "/assets/jquery_ujs.js?body=1" for 127.0.0.1 at 2013-03-10 00:23:25 -0800
Served asset /jquery_ujs.js - 304 Not Modified (0ms)


Started GET "/assets/statuses.js?body=1" for 127.0.0.1 at 2013-03-10 00:23:25 -0800
Served asset /statuses.js - 304 Not Modified (0ms)


Started GET "/assets/application.js?body=1" for 127.0.0.1 at 2013-03-10 00:23:25 -0800
Served asset /application.js - 304 Not Modified (0ms)
